<?xml version="1.0" encoding="UTF-8"?>
<!-- Generated by org.testng.reporters.JUnitXMLReporter -->
<testsuite ignored="0" hostname="KOCWX21981" failures="1" tests="3" name="ErrorValidationTest" time="21.066" errors="0" timestamp="2022-11-22T12:30:50 IST">
  <testcase classname="AutomationTraining.Tests.ErrorValidationTest" name="LoginErrorValidation" time="1.026">
    <skipped/>
  </testcase> <!-- LoginErrorValidation -->
  <testcase classname="AutomationTraining.Tests.ErrorValidationTest" name="LoginErrorValidation" time="1.24">
    <failure type="java.lang.AssertionError" message="expected [Incorrect email or password] but found [Incorrect email or password.]">
      <![CDATA[java.lang.AssertionError: expected [Incorrect email or password] but found [Incorrect email or password.]
at AutomationTraining.Tests.ErrorValidationTest.LoginErrorValidation(ErrorValidationTest.java:20)
at java.base/java.util.ArrayList.forEach(ArrayList.java:1511)
at java.base/java.util.concurrent.FutureTask.run(FutureTask.java:264)
at java.base/java.util.concurrent.ThreadPoolExecutor.runWorker(ThreadPoolExecutor.java:1136)
at java.base/java.util.concurrent.ThreadPoolExecutor$Worker.run(ThreadPoolExecutor.java:635)
at java.base/java.lang.Thread.run(Thread.java:833)
... Removed 23 stack frames]]>
    </failure>
  </testcase> <!-- LoginErrorValidation -->
  <testcase classname="AutomationTraining.Tests.ErrorValidationTest" name="VerifyOrder" time="2.414"/>
</testsuite> <!-- ErrorValidationTest -->
