<?xml version="1.0" encoding="UTF-8"?>
<!-- Generated by org.testng.reporters.JUnitXMLReporter -->
<testsuite ignored="0" hostname="KOCWX21981" failures="1" tests="2" name="Default test" time="0.454" errors="0" timestamp="2022-11-16T08:23:30 IST">
  <testcase classname="AutomationTraining.Tests.SubmitOrderTest" name="submitOrder" time="0.0">
    <failure type="java.lang.RuntimeException" message="com.fasterxml.jackson.databind.JsonMappingException: Unexpected character (&amp;apos;&amp;quot;&amp;apos; (code 34)): was expecting comma to separate Object entries
 at [Source: (String)&amp;quot;[
{
&amp;quot;email&amp;quot; : &amp;quot;testuser123@mail.com&amp;quot;
&amp;quot;password&amp;quot; : &amp;quot;TestUser@123&amp;quot;
&amp;quot;productName&amp;quot; : &amp;quot;ADIDAS ORIGINAL&amp;quot;
},
{
&amp;quot;email&amp;quot;: &amp;quot;testuser123456@mail.com&amp;quot;
&amp;quot;password&amp;quot;: &amp;quot;TestUser@123&amp;quot;
&amp;quot;productName&amp;quot;: &amp;quot;ZARA COAT 3&amp;quot;
}
]&amp;quot;; line: 4, column: 2] (through reference chain: java.util.ArrayList[0])">
      <![CDATA[java.lang.RuntimeException: com.fasterxml.jackson.databind.JsonMappingException: Unexpected character ('"' (code 34)): was expecting comma to separate Object entries
 at [Source: (String)"[
{
"email" : "testuser123@mail.com"
"password" : "TestUser@123"
"productName" : "ADIDAS ORIGINAL"
},
{
"email": "testuser123456@mail.com"
"password": "TestUser@123"
"productName": "ZARA COAT 3"
}
]"; line: 4, column: 2] (through reference chain: java.util.ArrayList[0])
at org.testng.internal.invokers.MethodInvocationHelper.invokeMethodNoCheckedException(MethodInvocationHelper.java:57)
at org.testng.internal.invokers.MethodInvocationHelper.invokeDataProvider(MethodInvocationHelper.java:157)
at org.testng.internal.Parameters.handleParameters(Parameters.java:791)
at org.testng.internal.Parameters.handleParameters(Parameters.java:728)
at org.testng.internal.invokers.ParameterHandler.handleParameters(ParameterHandler.java:72)
at org.testng.internal.invokers.ParameterHandler.createParameters(ParameterHandler.java:51)
at org.testng.internal.invokers.TestInvoker$MethodInvocationAgent.invoke(TestInvoker.java:917)
at org.testng.internal.invokers.TestInvoker.invokeTestMethods(TestInvoker.java:194)
at org.testng.internal.invokers.TestMethodWorker.invokeTestMethods(TestMethodWorker.java:148)
at org.testng.internal.invokers.TestMethodWorker.run(TestMethodWorker.java:128)
at java.base/java.util.ArrayList.forEach(ArrayList.java:1511)
at org.testng.TestRunner.privateRun(TestRunner.java:806)
at org.testng.TestRunner.run(TestRunner.java:601)
at org.testng.SuiteRunner.runTest(SuiteRunner.java:433)
at org.testng.SuiteRunner.runSequentially(SuiteRunner.java:427)
at org.testng.SuiteRunner.privateRun(SuiteRunner.java:387)
at org.testng.SuiteRunner.run(SuiteRunner.java:330)
at org.testng.SuiteRunnerWorker.runSuite(SuiteRunnerWorker.java:52)
at org.testng.SuiteRunnerWorker.run(SuiteRunnerWorker.java:95)
at org.testng.TestNG.runSuitesSequentially(TestNG.java:1256)
at org.testng.TestNG.runSuitesLocally(TestNG.java:1176)
at org.testng.TestNG.runSuites(TestNG.java:1099)
at org.testng.TestNG.run(TestNG.java:1067)
at org.testng.remote.AbstractRemoteTestNG.run(AbstractRemoteTestNG.java:115)
at org.testng.remote.RemoteTestNG.initAndRun(RemoteTestNG.java:251)
at org.testng.remote.RemoteTestNG.main(RemoteTestNG.java:77)
Caused by: com.fasterxml.jackson.databind.JsonMappingException: Unexpected character ('"' (code 34)): was expecting comma to separate Object entries
 at [Source: (String)"[
{
"email" : "testuser123@mail.com"
"password" : "TestUser@123"
"productName" : "ADIDAS ORIGINAL"
},
{
"email": "testuser123456@mail.com"
"password": "TestUser@123"
"productName": "ZARA COAT 3"
}
]"; line: 4, column: 2] (through reference chain: java.util.ArrayList[0])
at com.fasterxml.jackson.databind.JsonMappingException.wrapWithPath(JsonMappingException.java:402)
at com.fasterxml.jackson.databind.JsonMappingException.wrapWithPath(JsonMappingException.java:373)
at com.fasterxml.jackson.databind.deser.std.CollectionDeserializer._deserializeFromArray(CollectionDeserializer.java:375)
at com.fasterxml.jackson.databind.deser.std.CollectionDeserializer.deserialize(CollectionDeserializer.java:244)
at com.fasterxml.jackson.databind.deser.std.CollectionDeserializer.deserialize(CollectionDeserializer.java:28)
at com.fasterxml.jackson.databind.deser.DefaultDeserializationContext.readRootValue(DefaultDeserializationContext.java:323)
at com.fasterxml.jackson.databind.ObjectMapper._readMapAndClose(ObjectMapper.java:4730)
at com.fasterxml.jackson.databind.ObjectMapper.readValue(ObjectMapper.java:3677)
at com.fasterxml.jackson.databind.ObjectMapper.readValue(ObjectMapper.java:3660)
at AutomationTraining.TestComponents.BaseTest.getJsonData(BaseTest.java:80)
at AutomationTraining.Tests.SubmitOrderTest.getData(SubmitOrderTest.java:54)
at java.base/jdk.internal.reflect.NativeMethodAccessorImpl.invoke0(Native Method)
at java.base/jdk.internal.reflect.NativeMethodAccessorImpl.invoke(NativeMethodAccessorImpl.java:77)
at java.base/jdk.internal.reflect.DelegatingMethodAccessorImpl.invoke(DelegatingMethodAccessorImpl.java:43)
at java.base/java.lang.reflect.Method.invoke(Method.java:568)
at org.testng.internal.invokers.MethodInvocationHelper.invokeMethod(MethodInvocationHelper.java:139)
at org.testng.internal.invokers.MethodInvocationHelper.invokeMethod(MethodInvocationHelper.java:84)
at org.testng.internal.invokers.MethodInvocationHelper.invokeMethodNoCheckedException(MethodInvocationHelper.java:53)
... 25 more
Caused by: com.fasterxml.jackson.core.JsonParseException: Unexpected character ('"' (code 34)): was expecting comma to separate Object entries
 at [Source: (String)"[
{
"email" : "testuser123@mail.com"
"password" : "TestUser@123"
"productName" : "ADIDAS ORIGINAL"
},
{
"email": "testuser123456@mail.com"
"password": "TestUser@123"
"productName": "ZARA COAT 3"
}
]"; line: 4, column: 2]
at com.fasterxml.jackson.core.JsonParser._constructError(JsonParser.java:2418)
at com.fasterxml.jackson.core.base.ParserMinimalBase._reportError(ParserMinimalBase.java:749)
at com.fasterxml.jackson.core.base.ParserMinimalBase._reportUnexpectedChar(ParserMinimalBase.java:673)
at com.fasterxml.jackson.core.json.ReaderBasedJsonParser._skipComma(ReaderBasedJsonParser.java:2459)
at com.fasterxml.jackson.core.json.ReaderBasedJsonParser.nextFieldName(ReaderBasedJsonParser.java:950)
at com.fasterxml.jackson.databind.deser.std.MapDeserializer._readAndBindStringKeyMap(MapDeserializer.java:608)
at com.fasterxml.jackson.databind.deser.std.MapDeserializer.deserialize(MapDeserializer.java:449)
at com.fasterxml.jackson.databind.deser.std.MapDeserializer.deserialize(MapDeserializer.java:32)
at com.fasterxml.jackson.databind.deser.std.CollectionDeserializer._deserializeFromArray(CollectionDeserializer.java:359)
... 40 more
]]>
    </failure>
  </testcase> <!-- submitOrder -->
  <testcase classname="AutomationTraining.Tests.SubmitOrderTest" name="OrderHistoryTest" time="0.001">
    <skipped/>
  </testcase> <!-- OrderHistoryTest -->
</testsuite> <!-- Default test -->
